[Message:   BepInEx] BepInEx 5.4.21.0 - Gorilla Tag (9/22/2022 4:28:42 PM)
[Info   :   BepInEx] Running under Unity v2019.3.15.5898046
[Info   :   BepInEx] CLR runtime version: 4.0.30319.17020
[Info   :   BepInEx] Supports SRE: False
[Info   :   BepInEx] System platform: Bits64, Windows
[Message:   BepInEx] Preloader started
[Info   :   BepInEx] Loaded 1 patcher method from [BepInEx.Preloader 5.4.21.0]
[Info   :   BepInEx] 1 patcher plugin loaded
[Info   :   BepInEx] Patching [UnityEngine.CoreModule] with [BepInEx.Chainloader]
[Message:   BepInEx] Preloader finished
[Message:   BepInEx] Chainloader ready
[Message:   BepInEx] Chainloader started
[Info   :   BepInEx] 2 plugins to load
[Info   :   BepInEx] Loading [HighQualityMic 1.0.0]
[Info   :   BepInEx] Loading [UnityExplorer 4.8.2]
[Message:UnityExplorer] UnityExplorer 4.8.2 initializing...
[Message:UnityExplorer] [UniverseLib] UniverseLib 1.4.3 initializing...
[Message:UnityExplorer] [UniverseLib] Finished UniverseLib initial setup.
[Warning:  HarmonyX] AccessTools.Method: Could not find method for type UnityEngine.Canvas and name get_renderingDisplaySize and parameters 
[Message:   BepInEx] Chainloader startup complete
[Info   :   Console] High Quality Microphone mod by 64Will64 (Made for Pepsi Dee but maybe other people lol
[Info   :   Console] The mod is controlled by a harmonypatch dont worry lmao
[Message:UnityExplorer] [UniverseLib] Initialized new InputSystem support.
[Message:UnityExplorer] [UniverseLib] Loaded modern bundle for Unity 2019.3.15f1
[Warning:UnityExplorer] [UniverseLib] Exception enabling InputSystem UI Input Module: System.NullReferenceException: Object reference not set to an instance of an object
  at UniverseLib.Input.InputSystem.ActivateModule () [0x00078] in <6adac032a2ef4fc5bbb16fcf96cb2b88>:0 
[Message:UnityExplorer] [UniverseLib] UniverseLib 1.4.3 initialized.
[Message:UnityExplorer] Creating UI...
[Message:UnityExplorer] UnityExplorer 4.8.2 (Mono) initialized.
[Warning:UnityExplorer] [UniverseLib] Exception enabling InputSystem UI Input Module: System.NullReferenceException: Object reference not set to an instance of an object
  at UniverseLib.Input.InputSystem.ActivateModule () [0x00078] in <6adac032a2ef4fc5bbb16fcf96cb2b88>:0 
